<?xml version="1.0" encoding="UTF-8"?>
<!-- Generated by org.testng.reporters.JUnitXMLReporter -->
<testsuite hostname="Namratas-MacBook-Air.local" name="Set1" tests="1" failures="1" timestamp="15 Jun 2017 18:00:29 GMT" time="31.847" errors="0">
  <testcase name="testAddCart" time="21.363" classname="Scenario_Component.Scenario_Cart">
    <failure type="org.openqa.selenium.NoSuchElementException" message="An element could not be located on the page using the given search parameters. (WARNING: The server did not provide any stacktrace information)
Command duration or timeout: 80 milliseconds
For documentation on this error, please visit: http://seleniumhq.org/exceptions/no_such_element.html
Build info: version: &amp;apos;2.52.0&amp;apos;, revision: &amp;apos;4c2593cfc3689a7fcd7be52549167e5ccc93ad28&amp;apos;, time: &amp;apos;2016-02-11 11:22:43&amp;apos;
System info: host: &amp;apos;Namratas-MacBook-Air.local&amp;apos;, ip: &amp;apos;192.168.0.102&amp;apos;, os.name: &amp;apos;Mac OS X&amp;apos;, os.arch: &amp;apos;x86_64&amp;apos;, os.version: &amp;apos;10.12.2&amp;apos;, java.version: &amp;apos;1.8.0_121&amp;apos;
Driver info: io.appium.java_client.android.AndroidDriver
Capabilities [{appPackage=com.bigbasket.mobileapp, networkConnectionEnabled=true, warnings={}, databaseEnabled=false, deviceName=LC53LYF83057, platform=LINUX, appActivity=com.bigbasket.mobileapp.activity.SplashActivity, desired={appPackage=com.bigbasket.mobileapp, appActivity=com.bigbasket.mobileapp.activity.SplashActivity, platformVersion=4.4.4, platformName=Android, deviceName=HTC Desire 820s dual sim}, platformVersion=4.4.4, webStorageEnabled=false, locationContextEnabled=false, browserName=Android, takesScreenshot=true, javascriptEnabled=true, platformName=Android}]
Session ID: c762a045-c9a3-4d35-907b-9cf02b71633d
*** Element info: {Using=id, value=com.bigbasket.mobileapp:id/btnAddToBasket}">
      <![CDATA[org.openqa.selenium.NoSuchElementException: An element could not be located on the page using the given search parameters. (WARNING: The server did not provide any stacktrace information)
Command duration or timeout: 80 milliseconds
For documentation on this error, please visit: http://seleniumhq.org/exceptions/no_such_element.html
Build info: version: '2.52.0', revision: '4c2593cfc3689a7fcd7be52549167e5ccc93ad28', time: '2016-02-11 11:22:43'
System info: host: 'Namratas-MacBook-Air.local', ip: '192.168.0.102', os.name: 'Mac OS X', os.arch: 'x86_64', os.version: '10.12.2', java.version: '1.8.0_121'
Driver info: io.appium.java_client.android.AndroidDriver
Capabilities [{appPackage=com.bigbasket.mobileapp, networkConnectionEnabled=true, warnings={}, databaseEnabled=false, deviceName=LC53LYF83057, platform=LINUX, appActivity=com.bigbasket.mobileapp.activity.SplashActivity, desired={appPackage=com.bigbasket.mobileapp, appActivity=com.bigbasket.mobileapp.activity.SplashActivity, platformVersion=4.4.4, platformName=Android, deviceName=HTC Desire 820s dual sim}, platformVersion=4.4.4, webStorageEnabled=false, locationContextEnabled=false, browserName=Android, takesScreenshot=true, javascriptEnabled=true, platformName=Android}]
Session ID: c762a045-c9a3-4d35-907b-9cf02b71633d
*** Element info: {Using=id, value=com.bigbasket.mobileapp:id/btnAddToBasket}
	at org.openqa.selenium.remote.ErrorHandler.createThrowable(ErrorHandler.java:206)
	at org.openqa.selenium.remote.ErrorHandler.throwIfResponseFailed(ErrorHandler.java:158)
	at org.openqa.selenium.remote.RemoteWebDriver.execute(RemoteWebDriver.java:678)
	at io.appium.java_client.DefaultGenericMobileDriver.execute(DefaultGenericMobileDriver.java:42)
	at io.appium.java_client.AppiumDriver.execute(AppiumDriver.java:1)
	at io.appium.java_client.android.AndroidDriver.execute(AndroidDriver.java:1)
	at org.openqa.selenium.remote.RemoteWebDriver.findElement(RemoteWebDriver.java:363)
	at org.openqa.selenium.remote.RemoteWebDriver.findElementById(RemoteWebDriver.java:413)
	at io.appium.java_client.DefaultGenericMobileDriver.findElementById(DefaultGenericMobileDriver.java:62)
	at io.appium.java_client.AppiumDriver.findElementById(AppiumDriver.java:1)
	at io.appium.java_client.android.AndroidDriver.findElementById(AndroidDriver.java:1)
	at org.openqa.selenium.By$ById.findElement(By.java:218)
	at org.openqa.selenium.remote.RemoteWebDriver.findElement(RemoteWebDriver.java:355)
	at io.appium.java_client.DefaultGenericMobileDriver.findElement(DefaultGenericMobileDriver.java:52)
	at io.appium.java_client.AppiumDriver.findElement(AppiumDriver.java:1)
	at io.appium.java_client.android.AndroidDriver.findElement(AndroidDriver.java:1)
	at org.openqa.selenium.support.pagefactory.DefaultElementLocator.findElement(DefaultElementLocator.java:69)
	at org.openqa.selenium.support.pagefactory.internal.LocatingElementHandler.invoke(LocatingElementHandler.java:38)
	at com.sun.proxy.$Proxy8.click(Unknown Source)
	at PageObject_Component.PageObject_Cart.Click_AddCart(PageObject_Cart.java:53)
	at Scenario_Component.Scenario_Cart.testAddCart(Scenario_Cart.java:41)
... Removed 28 stack frames]]>
    </failure>
  </testcase> <!-- testAddCart -->
</testsuite> <!-- Set1 -->
