<?xml version="1.0" encoding="UTF-8"?>
<testng-results skipped="0" failed="0" total="1" passed="1">
  <reporter-output>
  </reporter-output>
  <suite name="BigBasketProject" duration-ms="26045" started-at="2017-06-15T15:43:31Z" finished-at="2017-06-15T15:43:57Z">
    <groups>
      <group name="smoke">
        <method signature="Scenario_Cart.testAddCart(java.util.Map)[pri:0, instance:Scenario_Component.Scenario_Cart@22eeefeb]" name="testAddCart" class="Scenario_Component.Scenario_Cart"/>
      </group> <!-- smoke -->
    </groups>
    <test name="Set1" duration-ms="26045" started-at="2017-06-15T15:43:31Z" finished-at="2017-06-15T15:43:57Z">
      <class name="Scenario_Component.Scenario_Cart">
        <test-method status="PASS" signature="testAddCart(java.util.Map)[pri:0, instance:Scenario_Component.Scenario_Cart@22eeefeb]" name="testAddCart" duration-ms="25806" started-at="2017-06-15T21:13:32Z" data-provider="dp_AddCart" finished-at="2017-06-15T21:13:57Z">
          <params>
            <param index="0">
              <value>
                <![CDATA[{=, Execute_Flag=N, TC_ID=GB_05, Script_name=AddCart, Search_Item=Raw Mango - Diced, Quantity=1.0, Exp_Result=Raw Mango - Diced, Order_Set=1.0}]]>
              </value>
            </param>
          </params>
          <reporter-output>
          </reporter-output>
        </test-method> <!-- testAddCart -->
      </class> <!-- Scenario_Component.Scenario_Cart -->
    </test> <!-- Set1 -->
  </suite> <!-- BigBasketProject -->
</testng-results>
